<?xml version="1.0" encoding="UTF-8"?>
<!-- Generated by org.testng.reporters.JUnitXMLReporter -->
<testsuite ignored="8" hostname="TYSS-Shashank" failures="2" tests="6" name="Test" time="1202.54" errors="0" timestamp="2022-11-18T12:19:09 IST">
  <testcase classname="Mandir.BottomNavigationBarTest" name="verifyBottomNavigationBar" time="81.237"/>
  <testcase classname="Mandir.OnBoardingTest" name="verifyOnBoardingTutorial" time="50.678">
    <failure type="java.lang.Exception" message="Error in clickOnGodSelectionSaveBtn()An element could not be located on the page using the given search parameters.
For documentation on this error, please visit: https://www.seleniumhq.org/exceptions/no_such_element.html
Build info: version: &amp;apos;3.141.59&amp;apos;, revision: &amp;apos;e82be7d358&amp;apos;, time: &amp;apos;2018-11-14T08:17:03&amp;apos;
System info: host: &amp;apos;TYSS-SHASHANK&amp;apos;, ip: &amp;apos;10.10.21.96&amp;apos;, os.name: &amp;apos;Windows 10&amp;apos;, os.arch: &amp;apos;amd64&amp;apos;, os.version: &amp;apos;10.0&amp;apos;, java.version: &amp;apos;16.0.1&amp;apos;
Driver info: io.appium.java_client.android.AndroidDriver
Capabilities {app: ./src/main/java/resources/a..., appPackage: com.mandir, autoGrantPermissions: true, automationName: UiAutomator2, databaseEnabled: false, desired: {app: ./src/main/java/resources/a..., autoGrantPermissions: true, automationName: UiAutomator2, noReset: true, platform: ANDROID, platformName: android, udid: emulator-5554}, deviceApiLevel: 31, deviceManufacturer: Google, deviceModel: sdk_gphone64_x86_64, deviceName: emulator-5554, deviceScreenDensity: 420, deviceScreenSize: 1080x1920, deviceUDID: emulator-5554, javascriptEnabled: true, locationContextEnabled: false, networkConnectionEnabled: true, noReset: true, pixelRatio: 2.625, platform: ANDROID, platformName: Android, platformVersion: 12, statBarHeight: 63, takesScreenshot: true, udid: emulator-5554, viewportRect: {height: 1731, left: 0, top: 63, width: 1080}, warnings: {}, webStorageEnabled: false}
Session ID: a505dacd-5d4d-4c3a-a334-e693c3df3686
*** Element info: {Using=id, value=com.mandir:id/btn_save}">
      <![CDATA[java.lang.Exception: Error in clickOnGodSelectionSaveBtn()An element could not be located on the page using the given search parameters.
For documentation on this error, please visit: https://www.seleniumhq.org/exceptions/no_such_element.html
Build info: version: '3.141.59', revision: 'e82be7d358', time: '2018-11-14T08:17:03'
System info: host: 'TYSS-SHASHANK', ip: '10.10.21.96', os.name: 'Windows 10', os.arch: 'amd64', os.version: '10.0', java.version: '16.0.1'
Driver info: io.appium.java_client.android.AndroidDriver
Capabilities {app: ./src/main/java/resources/a..., appPackage: com.mandir, autoGrantPermissions: true, automationName: UiAutomator2, databaseEnabled: false, desired: {app: ./src/main/java/resources/a..., autoGrantPermissions: true, automationName: UiAutomator2, noReset: true, platform: ANDROID, platformName: android, udid: emulator-5554}, deviceApiLevel: 31, deviceManufacturer: Google, deviceModel: sdk_gphone64_x86_64, deviceName: emulator-5554, deviceScreenDensity: 420, deviceScreenSize: 1080x1920, deviceUDID: emulator-5554, javascriptEnabled: true, locationContextEnabled: false, networkConnectionEnabled: true, noReset: true, pixelRatio: 2.625, platform: ANDROID, platformName: Android, platformVersion: 12, statBarHeight: 63, takesScreenshot: true, udid: emulator-5554, viewportRect: {height: 1731, left: 0, top: 63, width: 1080}, warnings: {}, webStorageEnabled: false}
Session ID: a505dacd-5d4d-4c3a-a334-e693c3df3686
*** Element info: {Using=id, value=com.mandir:id/btn_save}
at Pages.GodSelectionPage.clickOnGodSelectionSaveBtn(GodSelectionPage.java:43)
at Mandir.OnBoardingTest.verifyOnBoardingTutorial(OnBoardingTest.java:21)
at java.base/java.util.ArrayList.forEach(ArrayList.java:1511)
... Removed 27 stack frames]]>
    </failure>
  </testcase> <!-- verifyOnBoardingTutorial -->
  <testcase classname="Mandir.FlowerIconTest" name="verifyFlowerIcon" time="31.182"/>
  <testcase classname="Mandir.FlowerIconTest" name="verifyGodTitleandCompareImageOfFlowerShowerandpunyamudrasection" time="195.876"/>
  <testcase classname="Mandir.AarthiTest" name="verifyingTheAarthiMode" time="102.508"/>
  <testcase classname="Mandir.LoginTest" name="verifyLogInFromDifferentAvenues" time="157.052">
    <failure type="java.lang.AssertionError" message="Log in not validated from my profile page expected [Sri Mandir] but found [Sri Mandir Bhakt]">
      <![CDATA[java.lang.AssertionError: Log in not validated from my profile page expected [Sri Mandir] but found [Sri Mandir Bhakt]
at Mandir.LoginTest.verifyLogInFromDifferentAvenues(LoginTest.java:70)
at java.base/java.util.ArrayList.forEach(ArrayList.java:1511)
... Removed 32 stack frames]]>
    </failure>
  </testcase> <!-- verifyLogInFromDifferentAvenues -->
  <testcase classname="base.BaseTest" name="@AfterSuite configAS" time="0.0">
    <ignored/>
  </testcase> <!-- @AfterSuite configAS -->
  <testcase classname="base.BaseTest" name="@AfterSuite configAS" time="0.0">
    <ignored/>
  </testcase> <!-- @AfterSuite configAS -->
  <testcase classname="base.BaseTest" name="@AfterSuite configAS" time="0.0">
    <ignored/>
  </testcase> <!-- @AfterSuite configAS -->
  <testcase classname="base.BaseTest" name="@AfterSuite configAS" time="0.0">
    <ignored/>
  </testcase> <!-- @AfterSuite configAS -->
  <testcase classname="base.BaseTest" name="@BeforeSuite configBS" time="0.0">
    <ignored/>
  </testcase> <!-- @BeforeSuite configBS -->
  <testcase classname="base.BaseTest" name="@BeforeSuite configBS" time="0.0">
    <ignored/>
  </testcase> <!-- @BeforeSuite configBS -->
  <testcase classname="base.BaseTest" name="@BeforeSuite configBS" time="0.0">
    <ignored/>
  </testcase> <!-- @BeforeSuite configBS -->
  <testcase classname="base.BaseTest" name="@BeforeSuite configBS" time="0.0">
    <ignored/>
  </testcase> <!-- @BeforeSuite configBS -->
</testsuite> <!-- Test -->
